[debug] [2020-12-03T21:46:41.062Z] ----------------------------------------------------------------------
[debug] [2020-12-03T21:46:41.064Z] Command:       C:\Program Files (x86)\Nodist\v-x64\12.16.1\node.exe C:\Program Files (x86)\Nodist\bin\node_modules\firebase-tools\lib\bin\firebase.js emulators:start
[debug] [2020-12-03T21:46:41.065Z] CLI Version:   8.16.2
[debug] [2020-12-03T21:46:41.065Z] Platform:      win32
[debug] [2020-12-03T21:46:41.065Z] Node Version:  v12.16.1
[debug] [2020-12-03T21:46:41.066Z] Time:          Thu Dec 03 2020 21:46:41 GMT+0000 (Greenwich Mean Time)
[debug] [2020-12-03T21:46:41.066Z] ----------------------------------------------------------------------
[debug] [2020-12-03T21:46:41.066Z] 
[debug] [2020-12-03T21:46:41.186Z] > command requires scopes: ["email","openid","https://www.googleapis.com/auth/cloudplatformprojects.readonly","https://www.googleapis.com/auth/firebase","https://www.googleapis.com/auth/cloud-platform"]
[debug] [2020-12-03T21:46:41.187Z] > authorizing via signed-in user
[info] i  emulators: Starting emulators: functions, hosting {"metadata":{"emulator":{"name":"hub"},"message":"Starting emulators: functions, hosting"}}
[warn] !  emulators: It seems that you are running multiple instances of the emulator suite for project ama-zon-clone-firebase-react. This may result in unexpected behavior. 
[debug] [2020-12-03T21:46:43.268Z] [hub] writing locator at C:\Users\sidon\AppData\Local\Temp\hub-ama-zon-clone-firebase-react.json
[warn] !  functions: The following emulators are not running, calls to these services from the Functions emulator will affect production: auth, firestore, database, pubsub {"metadata":{"emulator":{"name":"functions"},"message":"The following emulators are not running, calls to these services from the Functions emulator will affect production: \u001b[1mauth, firestore, database, pubsub\u001b[22m"}}
[info] +  functions: Using node@12 from host. {"metadata":{"emulator":{"name":"functions"},"message":"Using node@12 from host."}}
[debug] [2020-12-03T21:46:46.252Z] defaultcredentials: writing to file C:\Users\sidon\AppData\Roaming\firebase\sidonie444_gmail_com_application_default_credentials.json
[debug] [2020-12-03T21:46:46.326Z] Setting GAC to C:\Users\sidon\AppData\Roaming\firebase\sidonie444_gmail_com_application_default_credentials.json {"metadata":{"emulator":{"name":"functions"},"message":"Setting GAC to C:\\Users\\sidon\\AppData\\Roaming\\firebase\\sidonie444_gmail_com_application_default_credentials.json"}}
[debug] [2020-12-03T21:46:48.390Z] > refreshing access token with scopes: ["email","https://www.googleapis.com/auth/cloud-platform","https://www.googleapis.com/auth/cloudplatformprojects.readonly","https://www.googleapis.com/auth/firebase","openid"]
[debug] [2020-12-03T21:46:48.391Z] >>> HTTP REQUEST POST https://www.googleapis.com/oauth2/v3/token  
 <request body omitted>
[debug] [2020-12-03T21:46:48.483Z] <<< HTTP RESPONSE 200 {"pragma":"no-cache","date":"Thu, 03 Dec 2020 21:46:48 GMT","cache-control":"no-cache, no-store, max-age=0, must-revalidate","expires":"Mon, 01 Jan 1990 00:00:00 GMT","content-type":"application/json; charset=utf-8","vary":"X-Origin, Referer, Origin,Accept-Encoding","server":"scaffolding on HTTPServer2","x-xss-protection":"0","x-frame-options":"SAMEORIGIN","x-content-type-options":"nosniff","alt-svc":"h3-29=\":443\"; ma=2592000,h3-T051=\":443\"; ma=2592000,h3-Q050=\":443\"; ma=2592000,h3-Q046=\":443\"; ma=2592000,h3-Q043=\":443\"; ma=2592000,quic=\":443\"; ma=2592000; v=\"46,43\"","accept-ranges":"none","transfer-encoding":"chunked"}
[debug] [2020-12-03T21:46:48.623Z] >>> HTTP REQUEST GET https://firebase.googleapis.com/v1beta1/projects/ama-zon-clone-firebase-react/webApps/-/config  
 
[debug] [2020-12-03T21:46:49.334Z] <<< HTTP RESPONSE 200 {"content-type":"application/json; charset=UTF-8","vary":"X-Origin, Referer, Origin,Accept-Encoding","date":"Thu, 03 Dec 2020 21:46:49 GMT","server":"ESF","cache-control":"private","x-xss-protection":"0","x-frame-options":"SAMEORIGIN","x-content-type-options":"nosniff","alt-svc":"h3-29=\":443\"; ma=2592000,h3-T051=\":443\"; ma=2592000,h3-Q050=\":443\"; ma=2592000,h3-Q046=\":443\"; ma=2592000,h3-Q043=\":443\"; ma=2592000,quic=\":443\"; ma=2592000; v=\"46,43\"","accept-ranges":"none","transfer-encoding":"chunked"}
[info] i  hosting: Serving hosting files from: build {"metadata":{"emulator":{"name":"hosting"},"message":"Serving hosting files from: \u001b[1mbuild\u001b[22m"}}
[info] +  hosting: Local server: http://localhost:5000 {"metadata":{"emulator":{"name":"hosting"},"message":"Local server: \u001b[4m\u001b[1mhttp://localhost:5000\u001b[22m\u001b[24m"}}
[warn] !  ui: Emulator UI unable to start on port 4000, starting on 4001 instead. {"metadata":{"emulator":{"name":"ui"},"message":"Emulator UI unable to start on port 4000, starting on 4001 instead."}}
[debug] [2020-12-03T21:46:52.271Z] Ignoring unsupported arg: auto_download {"metadata":{"emulator":{"name":"ui"},"message":"Ignoring unsupported arg: auto_download"}}
[debug] [2020-12-03T21:46:52.272Z] Ignoring unsupported arg: port {"metadata":{"emulator":{"name":"ui"},"message":"Ignoring unsupported arg: port"}}
[debug] [2020-12-03T21:46:52.272Z] Starting Emulator UI with command {"binary":"node","args":["C:\\Users\\sidon\\.cache\\firebase\\emulators\\ui-v1.2.2\\server.bundle.js"],"optionalArgs":[],"joinArgs":false} {"metadata":{"emulator":{"name":"ui"},"message":"Starting Emulator UI with command {\"binary\":\"node\",\"args\":[\"C:\\\\Users\\\\sidon\\\\.cache\\\\firebase\\\\emulators\\\\ui-v1.2.2\\\\server.bundle.js\"],\"optionalArgs\":[],\"joinArgs\":false}"}}
[info] i  ui: Emulator UI logging to ui-debug.log {"metadata":{"emulator":{"name":"ui"},"message":"Emulator UI logging to \u001b[1mui-debug.log\u001b[22m"}}
[debug] [2020-12-03T21:46:53.109Z] Web / API server started at http://localhost:4001
 {"metadata":{"emulator":{"name":"ui"},"message":"Web / API server started at http://localhost:4001\n"}}
[info] i  functions: Watching "C:\Users\sidon\amazon-clone\amazon-clone\functions" for Cloud Functions... {"metadata":{"emulator":{"name":"functions"},"message":"Watching \"C:\\Users\\sidon\\amazon-clone\\amazon-clone\\functions\" for Cloud Functions..."}}
[debug] [2020-12-03T21:46:53.346Z] [worker-pool] addWorker(~diagnostic~) {"metadata":{"emulator":{"name":"functions"},"message":"[worker-pool] addWorker(~diagnostic~)"}}
[debug] [2020-12-03T21:46:53.346Z] [worker-pool] Adding worker with key ~diagnostic~, total=1 {"metadata":{"emulator":{"name":"functions"},"message":"[worker-pool] Adding worker with key ~diagnostic~, total=1"}}
[debug] [2020-12-03T21:46:53.346Z] [worker-pool] submitWork(triggerId=) {"metadata":{"emulator":{"name":"functions"},"message":"[worker-pool] submitWork(triggerId=)"}}
[debug] [2020-12-03T21:46:53.348Z] [worker-~diagnostic~-688b7f76-d01f-4d09-bd1b-f5bd54671b2f]: Assigning socketPath: \\?\pipe\C:\Users\sidon\amazon-clone\amazon-clone\functions\81632 {"metadata":{"emulator":{"name":"functions"},"message":"[worker-~diagnostic~-688b7f76-d01f-4d09-bd1b-f5bd54671b2f]: Assigning socketPath: \\\\?\\pipe\\C:\\Users\\sidon\\amazon-clone\\amazon-clone\\functions\\81632"}}
[debug] [2020-12-03T21:46:53.348Z] [worker-~diagnostic~-688b7f76-d01f-4d09-bd1b-f5bd54671b2f]: BUSY {"metadata":{"emulator":{"name":"functions"},"message":"[worker-~diagnostic~-688b7f76-d01f-4d09-bd1b-f5bd54671b2f]: BUSY"}}
[debug] [2020-12-03T21:46:54.569Z] [runtime-status] [81632] Functions runtime initialized. {"cwd":"C:\\Users\\sidon\\amazon-clone\\amazon-clone\\functions","node_version":"12.16.1"} {"metadata":{"emulator":{"name":"functions"},"message":"[runtime-status] [81632] Functions runtime initialized. {\"cwd\":\"C:\\\\Users\\\\sidon\\\\amazon-clone\\\\amazon-clone\\\\functions\",\"node_version\":\"12.16.1\"}"}}
[debug] [2020-12-03T21:46:54.573Z] [runtime-status] [81632] Disabled runtime features: undefined {"metadata":{"emulator":{"name":"functions"},"message":"[runtime-status] [81632] Disabled runtime features: undefined"}}
[debug] [2020-12-03T21:46:54.577Z] [runtime-status] [81632] Resolved module firebase-admin {"declared":true,"installed":true,"version":"9.4.1","resolution":"C:\\Users\\sidon\\amazon-clone\\amazon-clone\\functions\\node_modules\\firebase-admin\\lib\\index.js"} {"metadata":{"emulator":{"name":"functions"},"message":"[runtime-status] [81632] Resolved module firebase-admin {\"declared\":true,\"installed\":true,\"version\":\"9.4.1\",\"resolution\":\"C:\\\\Users\\\\sidon\\\\amazon-clone\\\\amazon-clone\\\\functions\\\\node_modules\\\\firebase-admin\\\\lib\\\\index.js\"}"}}
[debug] [2020-12-03T21:46:54.582Z] [runtime-status] [81632] Resolved module firebase-functions {"declared":true,"installed":true,"version":"3.12.0","resolution":"C:\\Users\\sidon\\amazon-clone\\amazon-clone\\functions\\node_modules\\firebase-functions\\lib\\index.js"} {"metadata":{"emulator":{"name":"functions"},"message":"[runtime-status] [81632] Resolved module firebase-functions {\"declared\":true,\"installed\":true,\"version\":\"3.12.0\",\"resolution\":\"C:\\\\Users\\\\sidon\\\\amazon-clone\\\\amazon-clone\\\\functions\\\\node_modules\\\\firebase-functions\\\\lib\\\\index.js\"}"}}
[debug] [2020-12-03T21:46:54.588Z] [runtime-status] [81632] Resolved module firebase-functions {"declared":true,"installed":true,"version":"3.12.0","resolution":"C:\\Users\\sidon\\amazon-clone\\amazon-clone\\functions\\node_modules\\firebase-functions\\lib\\index.js"} {"metadata":{"emulator":{"name":"functions"},"message":"[runtime-status] [81632] Resolved module firebase-functions {\"declared\":true,\"installed\":true,\"version\":\"3.12.0\",\"resolution\":\"C:\\\\Users\\\\sidon\\\\amazon-clone\\\\amazon-clone\\\\functions\\\\node_modules\\\\firebase-functions\\\\lib\\\\index.js\"}"}}
[debug] [2020-12-03T21:46:54.592Z] [runtime-status] [81632] Outgoing network have been stubbed. [{"name":"http","status":"mocked"},{"name":"http","status":"mocked"},{"name":"https","status":"mocked"},{"name":"https","status":"mocked"},{"name":"net","status":"mocked"}] {"metadata":{"emulator":{"name":"functions"},"message":"[runtime-status] [81632] Outgoing network have been stubbed. [{\"name\":\"http\",\"status\":\"mocked\"},{\"name\":\"http\",\"status\":\"mocked\"},{\"name\":\"https\",\"status\":\"mocked\"},{\"name\":\"https\",\"status\":\"mocked\"},{\"name\":\"net\",\"status\":\"mocked\"}]"}}
[debug] [2020-12-03T21:46:54.594Z] [runtime-status] [81632] Resolved module firebase-functions {"declared":true,"installed":true,"version":"3.12.0","resolution":"C:\\Users\\sidon\\amazon-clone\\amazon-clone\\functions\\node_modules\\firebase-functions\\lib\\index.js"} {"metadata":{"emulator":{"name":"functions"},"message":"[runtime-status] [81632] Resolved module firebase-functions {\"declared\":true,\"installed\":true,\"version\":\"3.12.0\",\"resolution\":\"C:\\\\Users\\\\sidon\\\\amazon-clone\\\\amazon-clone\\\\functions\\\\node_modules\\\\firebase-functions\\\\lib\\\\index.js\"}"}}
[debug] [2020-12-03T21:46:54.676Z] [runtime-status] [81632] Checked functions.config() {"config":{}} {"metadata":{"emulator":{"name":"functions"},"message":"[runtime-status] [81632] Checked functions.config() {\"config\":{}}"}}
[debug] [2020-12-03T21:46:54.677Z] [runtime-status] [81632] firebase-functions has been stubbed. {"functionsResolution":{"declared":true,"installed":true,"version":"3.12.0","resolution":"C:\\Users\\sidon\\amazon-clone\\amazon-clone\\functions\\node_modules\\firebase-functions\\lib\\index.js"}} {"metadata":{"emulator":{"name":"functions"},"message":"[runtime-status] [81632] firebase-functions has been stubbed. {\"functionsResolution\":{\"declared\":true,\"installed\":true,\"version\":\"3.12.0\",\"resolution\":\"C:\\\\Users\\\\sidon\\\\amazon-clone\\\\amazon-clone\\\\functions\\\\node_modules\\\\firebase-functions\\\\lib\\\\index.js\"}}"}}
[debug] [2020-12-03T21:46:54.677Z] [runtime-status] [81632] Resolved module firebase-functions {"declared":true,"installed":true,"version":"3.12.0","resolution":"C:\\Users\\sidon\\amazon-clone\\amazon-clone\\functions\\node_modules\\firebase-functions\\lib\\index.js"} {"metadata":{"emulator":{"name":"functions"},"message":"[runtime-status] [81632] Resolved module firebase-functions {\"declared\":true,\"installed\":true,\"version\":\"3.12.0\",\"resolution\":\"C:\\\\Users\\\\sidon\\\\amazon-clone\\\\amazon-clone\\\\functions\\\\node_modules\\\\firebase-functions\\\\lib\\\\index.js\"}"}}
[debug] [2020-12-03T21:46:54.679Z] [runtime-status] [81632] Resolved module firebase-admin {"declared":true,"installed":true,"version":"9.4.1","resolution":"C:\\Users\\sidon\\amazon-clone\\amazon-clone\\functions\\node_modules\\firebase-admin\\lib\\index.js"} {"metadata":{"emulator":{"name":"functions"},"message":"[runtime-status] [81632] Resolved module firebase-admin {\"declared\":true,\"installed\":true,\"version\":\"9.4.1\",\"resolution\":\"C:\\\\Users\\\\sidon\\\\amazon-clone\\\\amazon-clone\\\\functions\\\\node_modules\\\\firebase-admin\\\\lib\\\\index.js\"}"}}
[debug] [2020-12-03T21:46:54.680Z] [runtime-status] [81632] Resolved module firebase-functions {"declared":true,"installed":true,"version":"3.12.0","resolution":"C:\\Users\\sidon\\amazon-clone\\amazon-clone\\functions\\node_modules\\firebase-functions\\lib\\index.js"} {"metadata":{"emulator":{"name":"functions"},"message":"[runtime-status] [81632] Resolved module firebase-functions {\"declared\":true,\"installed\":true,\"version\":\"3.12.0\",\"resolution\":\"C:\\\\Users\\\\sidon\\\\amazon-clone\\\\amazon-clone\\\\functions\\\\node_modules\\\\firebase-functions\\\\lib\\\\index.js\"}"}}
[debug] [2020-12-03T21:46:54.680Z] [runtime-status] [81632] firebase-admin has been stubbed. {"adminResolution":{"declared":true,"installed":true,"version":"9.4.1","resolution":"C:\\Users\\sidon\\amazon-clone\\amazon-clone\\functions\\node_modules\\firebase-admin\\lib\\index.js"}} {"metadata":{"emulator":{"name":"functions"},"message":"[runtime-status] [81632] firebase-admin has been stubbed. {\"adminResolution\":{\"declared\":true,\"installed\":true,\"version\":\"9.4.1\",\"resolution\":\"C:\\\\Users\\\\sidon\\\\amazon-clone\\\\amazon-clone\\\\functions\\\\node_modules\\\\firebase-admin\\\\lib\\\\index.js\"}}"}}
[info] +  functions[api]: http function initialized (http://localhost:5001/ama-zon-clone-firebase-react/us-central1/api). {"metadata":{"emulator":{"name":"functions"},"message":"\u001b[1mhttp\u001b[22m function initialized (http://localhost:5001/ama-zon-clone-firebase-react/us-central1/api)."}}
[info] 
┌────────────────────────────────────────────────────────────────┐
│ ✔  All emulators ready! View status and logs at localhost:4001 │
└────────────────────────────────────────────────────────────────┘

┌───────────┬────────────────┬──────────────────────────┐
│ Emulator  │ Host:Port      │ View in Emulator UI      │
├───────────┼────────────────┼──────────────────────────┤
│ Functions │ localhost:5001 │ localhost:4001/functions │
├───────────┼────────────────┼──────────────────────────┤
│ Hosting   │ localhost:5000 │ n/a                      │
└───────────┴────────────────┴──────────────────────────┘
  Other reserved ports: 4400, 4500

Issues? Report them at https://github.com/firebase/firebase-tools/issues and attach the *-debug.log files.
 
[debug] [2020-12-03T21:46:55.330Z] [worker-~diagnostic~-688b7f76-d01f-4d09-bd1b-f5bd54671b2f]: IDLE {"metadata":{"emulator":{"name":"functions"},"message":"[worker-~diagnostic~-688b7f76-d01f-4d09-bd1b-f5bd54671b2f]: IDLE"}}
[debug] [2020-12-03T21:49:10.157Z] File C:\Users\sidon\amazon-clone\amazon-clone\functions\index.js changed, reloading triggers {"metadata":{"emulator":{"name":"functions"},"message":"File C:\\Users\\sidon\\amazon-clone\\amazon-clone\\functions\\index.js changed, reloading triggers"}}
[debug] [2020-12-03T21:49:11.164Z] [worker-pool] Shutting down IDLE worker (~diagnostic~) {"metadata":{"emulator":{"name":"functions"},"message":"[worker-pool] Shutting down IDLE worker (~diagnostic~)"}}
[debug] [2020-12-03T21:49:11.165Z] [worker-~diagnostic~-688b7f76-d01f-4d09-bd1b-f5bd54671b2f]: FINISHING {"metadata":{"emulator":{"name":"functions"},"message":"[worker-~diagnostic~-688b7f76-d01f-4d09-bd1b-f5bd54671b2f]: FINISHING"}}
[debug] [2020-12-03T21:49:11.171Z] [worker-pool] addWorker(~diagnostic~) {"metadata":{"emulator":{"name":"functions"},"message":"[worker-pool] addWorker(~diagnostic~)"}}
[debug] [2020-12-03T21:49:11.172Z] [worker-pool] Adding worker with key ~diagnostic~, total=2 {"metadata":{"emulator":{"name":"functions"},"message":"[worker-pool] Adding worker with key ~diagnostic~, total=2"}}
[debug] [2020-12-03T21:49:11.172Z] [worker-pool] submitWork(triggerId=) {"metadata":{"emulator":{"name":"functions"},"message":"[worker-pool] submitWork(triggerId=)"}}
[debug] [2020-12-03T21:49:11.172Z] [worker-~diagnostic~-50583ca7-2dc1-4032-aa2e-3e7ca2ced2a1]: Assigning socketPath: \\?\pipe\C:\Users\sidon\amazon-clone\amazon-clone\functions\78504 {"metadata":{"emulator":{"name":"functions"},"message":"[worker-~diagnostic~-50583ca7-2dc1-4032-aa2e-3e7ca2ced2a1]: Assigning socketPath: \\\\?\\pipe\\C:\\Users\\sidon\\amazon-clone\\amazon-clone\\functions\\78504"}}
[debug] [2020-12-03T21:49:11.172Z] [worker-~diagnostic~-50583ca7-2dc1-4032-aa2e-3e7ca2ced2a1]: BUSY {"metadata":{"emulator":{"name":"functions"},"message":"[worker-~diagnostic~-50583ca7-2dc1-4032-aa2e-3e7ca2ced2a1]: BUSY"}}
[debug] [2020-12-03T21:49:11.174Z] [worker-~diagnostic~-688b7f76-d01f-4d09-bd1b-f5bd54671b2f]: exited {"metadata":{"emulator":{"name":"functions"},"message":"[worker-~diagnostic~-688b7f76-d01f-4d09-bd1b-f5bd54671b2f]: exited"}}
[debug] [2020-12-03T21:49:11.174Z] [worker-~diagnostic~-688b7f76-d01f-4d09-bd1b-f5bd54671b2f]: FINISHED {"metadata":{"emulator":{"name":"functions"},"message":"[worker-~diagnostic~-688b7f76-d01f-4d09-bd1b-f5bd54671b2f]: FINISHED"}}
[debug] [2020-12-03T21:49:11.959Z] [runtime-status] [78504] Functions runtime initialized. {"cwd":"C:\\Users\\sidon\\amazon-clone\\amazon-clone\\functions","node_version":"12.16.1"} {"metadata":{"emulator":{"name":"functions"},"message":"[runtime-status] [78504] Functions runtime initialized. {\"cwd\":\"C:\\\\Users\\\\sidon\\\\amazon-clone\\\\amazon-clone\\\\functions\",\"node_version\":\"12.16.1\"}"}}
[debug] [2020-12-03T21:49:11.965Z] [runtime-status] [78504] Disabled runtime features: undefined {"metadata":{"emulator":{"name":"functions"},"message":"[runtime-status] [78504] Disabled runtime features: undefined"}}
[debug] [2020-12-03T21:49:11.969Z] [runtime-status] [78504] Resolved module firebase-admin {"declared":true,"installed":true,"version":"9.4.1","resolution":"C:\\Users\\sidon\\amazon-clone\\amazon-clone\\functions\\node_modules\\firebase-admin\\lib\\index.js"} {"metadata":{"emulator":{"name":"functions"},"message":"[runtime-status] [78504] Resolved module firebase-admin {\"declared\":true,\"installed\":true,\"version\":\"9.4.1\",\"resolution\":\"C:\\\\Users\\\\sidon\\\\amazon-clone\\\\amazon-clone\\\\functions\\\\node_modules\\\\firebase-admin\\\\lib\\\\index.js\"}"}}
[debug] [2020-12-03T21:49:11.976Z] [runtime-status] [78504] Resolved module firebase-functions {"declared":true,"installed":true,"version":"3.12.0","resolution":"C:\\Users\\sidon\\amazon-clone\\amazon-clone\\functions\\node_modules\\firebase-functions\\lib\\index.js"} {"metadata":{"emulator":{"name":"functions"},"message":"[runtime-status] [78504] Resolved module firebase-functions {\"declared\":true,\"installed\":true,\"version\":\"3.12.0\",\"resolution\":\"C:\\\\Users\\\\sidon\\\\amazon-clone\\\\amazon-clone\\\\functions\\\\node_modules\\\\firebase-functions\\\\lib\\\\index.js\"}"}}
[debug] [2020-12-03T21:49:11.978Z] [runtime-status] [78504] Resolved module firebase-functions {"declared":true,"installed":true,"version":"3.12.0","resolution":"C:\\Users\\sidon\\amazon-clone\\amazon-clone\\functions\\node_modules\\firebase-functions\\lib\\index.js"} {"metadata":{"emulator":{"name":"functions"},"message":"[runtime-status] [78504] Resolved module firebase-functions {\"declared\":true,\"installed\":true,\"version\":\"3.12.0\",\"resolution\":\"C:\\\\Users\\\\sidon\\\\amazon-clone\\\\amazon-clone\\\\functions\\\\node_modules\\\\firebase-functions\\\\lib\\\\index.js\"}"}}
[debug] [2020-12-03T21:49:11.980Z] [runtime-status] [78504] Outgoing network have been stubbed. [{"name":"http","status":"mocked"},{"name":"http","status":"mocked"},{"name":"https","status":"mocked"},{"name":"https","status":"mocked"},{"name":"net","status":"mocked"}] {"metadata":{"emulator":{"name":"functions"},"message":"[runtime-status] [78504] Outgoing network have been stubbed. [{\"name\":\"http\",\"status\":\"mocked\"},{\"name\":\"http\",\"status\":\"mocked\"},{\"name\":\"https\",\"status\":\"mocked\"},{\"name\":\"https\",\"status\":\"mocked\"},{\"name\":\"net\",\"status\":\"mocked\"}]"}}
[debug] [2020-12-03T21:49:11.980Z] [runtime-status] [78504] Resolved module firebase-functions {"declared":true,"installed":true,"version":"3.12.0","resolution":"C:\\Users\\sidon\\amazon-clone\\amazon-clone\\functions\\node_modules\\firebase-functions\\lib\\index.js"} {"metadata":{"emulator":{"name":"functions"},"message":"[runtime-status] [78504] Resolved module firebase-functions {\"declared\":true,\"installed\":true,\"version\":\"3.12.0\",\"resolution\":\"C:\\\\Users\\\\sidon\\\\amazon-clone\\\\amazon-clone\\\\functions\\\\node_modules\\\\firebase-functions\\\\lib\\\\index.js\"}"}}
[debug] [2020-12-03T21:49:12.037Z] [runtime-status] [78504] Checked functions.config() {"config":{}} {"metadata":{"emulator":{"name":"functions"},"message":"[runtime-status] [78504] Checked functions.config() {\"config\":{}}"}}
[debug] [2020-12-03T21:49:12.038Z] [runtime-status] [78504] firebase-functions has been stubbed. {"functionsResolution":{"declared":true,"installed":true,"version":"3.12.0","resolution":"C:\\Users\\sidon\\amazon-clone\\amazon-clone\\functions\\node_modules\\firebase-functions\\lib\\index.js"}} {"metadata":{"emulator":{"name":"functions"},"message":"[runtime-status] [78504] firebase-functions has been stubbed. {\"functionsResolution\":{\"declared\":true,\"installed\":true,\"version\":\"3.12.0\",\"resolution\":\"C:\\\\Users\\\\sidon\\\\amazon-clone\\\\amazon-clone\\\\functions\\\\node_modules\\\\firebase-functions\\\\lib\\\\index.js\"}}"}}
[debug] [2020-12-03T21:49:12.040Z] [runtime-status] [78504] Resolved module firebase-functions {"declared":true,"installed":true,"version":"3.12.0","resolution":"C:\\Users\\sidon\\amazon-clone\\amazon-clone\\functions\\node_modules\\firebase-functions\\lib\\index.js"} {"metadata":{"emulator":{"name":"functions"},"message":"[runtime-status] [78504] Resolved module firebase-functions {\"declared\":true,\"installed\":true,\"version\":\"3.12.0\",\"resolution\":\"C:\\\\Users\\\\sidon\\\\amazon-clone\\\\amazon-clone\\\\functions\\\\node_modules\\\\firebase-functions\\\\lib\\\\index.js\"}"}}
[debug] [2020-12-03T21:49:12.042Z] [runtime-status] [78504] Resolved module firebase-admin {"declared":true,"installed":true,"version":"9.4.1","resolution":"C:\\Users\\sidon\\amazon-clone\\amazon-clone\\functions\\node_modules\\firebase-admin\\lib\\index.js"} {"metadata":{"emulator":{"name":"functions"},"message":"[runtime-status] [78504] Resolved module firebase-admin {\"declared\":true,\"installed\":true,\"version\":\"9.4.1\",\"resolution\":\"C:\\\\Users\\\\sidon\\\\amazon-clone\\\\amazon-clone\\\\functions\\\\node_modules\\\\firebase-admin\\\\lib\\\\index.js\"}"}}
[debug] [2020-12-03T21:49:12.043Z] [runtime-status] [78504] Resolved module firebase-functions {"declared":true,"installed":true,"version":"3.12.0","resolution":"C:\\Users\\sidon\\amazon-clone\\amazon-clone\\functions\\node_modules\\firebase-functions\\lib\\index.js"} {"metadata":{"emulator":{"name":"functions"},"message":"[runtime-status] [78504] Resolved module firebase-functions {\"declared\":true,\"installed\":true,\"version\":\"3.12.0\",\"resolution\":\"C:\\\\Users\\\\sidon\\\\amazon-clone\\\\amazon-clone\\\\functions\\\\node_modules\\\\firebase-functions\\\\lib\\\\index.js\"}"}}
[debug] [2020-12-03T21:49:12.044Z] [runtime-status] [78504] firebase-admin has been stubbed. {"adminResolution":{"declared":true,"installed":true,"version":"9.4.1","resolution":"C:\\Users\\sidon\\amazon-clone\\amazon-clone\\functions\\node_modules\\firebase-admin\\lib\\index.js"}} {"metadata":{"emulator":{"name":"functions"},"message":"[runtime-status] [78504] firebase-admin has been stubbed. {\"adminResolution\":{\"declared\":true,\"installed\":true,\"version\":\"9.4.1\",\"resolution\":\"C:\\\\Users\\\\sidon\\\\amazon-clone\\\\amazon-clone\\\\functions\\\\node_modules\\\\firebase-admin\\\\lib\\\\index.js\"}}"}}
[debug] [2020-12-03T21:49:12.458Z] [worker-~diagnostic~-50583ca7-2dc1-4032-aa2e-3e7ca2ced2a1]: IDLE {"metadata":{"emulator":{"name":"functions"},"message":"[worker-~diagnostic~-50583ca7-2dc1-4032-aa2e-3e7ca2ced2a1]: IDLE"}}
[debug] [2020-12-03T21:49:17.451Z] [work-queue] {"queueLength":1,"workRunningCount":0}
[debug] [2020-12-03T21:49:17.452Z] [work-queue] {"queueLength":0,"workRunningCount":1}
[debug] [2020-12-03T21:49:17.452Z] Accepted request POST /ama-zon-clone-firebase-react/us-central1/api/payments/create?total=59899 --> api
[debug] [2020-12-03T21:49:17.453Z] [worker-pool] Cleaned up workers for ~diagnostic~: 2 --> 1 {"metadata":{"emulator":{"name":"functions"},"message":"[worker-pool] Cleaned up workers for ~diagnostic~: 2 --> 1"}}
[debug] [2020-12-03T21:49:17.462Z] [worker-pool] addWorker(api) {"metadata":{"emulator":{"name":"functions"},"message":"[worker-pool] addWorker(api)"}}
[debug] [2020-12-03T21:49:17.463Z] [worker-pool] Adding worker with key api, total=1 {"metadata":{"emulator":{"name":"functions"},"message":"[worker-pool] Adding worker with key api, total=1"}}
[debug] [2020-12-03T21:49:17.463Z] [worker-pool] submitWork(triggerId=api) {"metadata":{"emulator":{"name":"functions"},"message":"[worker-pool] submitWork(triggerId=api)"}}
[debug] [2020-12-03T21:49:17.464Z] [worker-api-ade907b2-c2e4-4d6a-9de8-3d69382ecf05]: Assigning socketPath: \\?\pipe\C:\Users\sidon\amazon-clone\amazon-clone\functions\84900 {"metadata":{"emulator":{"name":"functions"},"message":"[worker-api-ade907b2-c2e4-4d6a-9de8-3d69382ecf05]: Assigning socketPath: \\\\?\\pipe\\C:\\Users\\sidon\\amazon-clone\\amazon-clone\\functions\\84900"}}
[debug] [2020-12-03T21:49:17.464Z] [worker-api-ade907b2-c2e4-4d6a-9de8-3d69382ecf05]: BUSY {"metadata":{"emulator":{"name":"functions"},"message":"[worker-api-ade907b2-c2e4-4d6a-9de8-3d69382ecf05]: BUSY"}}
[debug] [2020-12-03T21:49:18.247Z] [runtime-status] [84900] Functions runtime initialized. {"cwd":"C:\\Users\\sidon\\amazon-clone\\amazon-clone\\functions","node_version":"12.16.1"} {"metadata":{"emulator":{"name":"functions"},"function":{"name":"api"},"message":"[runtime-status] [84900] Functions runtime initialized. {\"cwd\":\"C:\\\\Users\\\\sidon\\\\amazon-clone\\\\amazon-clone\\\\functions\",\"node_version\":\"12.16.1\"}"}}
[debug] [2020-12-03T21:49:18.252Z] [runtime-status] [84900] Disabled runtime features: undefined {"metadata":{"emulator":{"name":"functions"},"function":{"name":"api"},"message":"[runtime-status] [84900] Disabled runtime features: undefined"}}
[debug] [2020-12-03T21:49:18.259Z] [runtime-status] [84900] Resolved module firebase-admin {"declared":true,"installed":true,"version":"9.4.1","resolution":"C:\\Users\\sidon\\amazon-clone\\amazon-clone\\functions\\node_modules\\firebase-admin\\lib\\index.js"} {"metadata":{"emulator":{"name":"functions"},"function":{"name":"api"},"message":"[runtime-status] [84900] Resolved module firebase-admin {\"declared\":true,\"installed\":true,\"version\":\"9.4.1\",\"resolution\":\"C:\\\\Users\\\\sidon\\\\amazon-clone\\\\amazon-clone\\\\functions\\\\node_modules\\\\firebase-admin\\\\lib\\\\index.js\"}"}}
[debug] [2020-12-03T21:49:18.261Z] [runtime-status] [84900] Resolved module firebase-functions {"declared":true,"installed":true,"version":"3.12.0","resolution":"C:\\Users\\sidon\\amazon-clone\\amazon-clone\\functions\\node_modules\\firebase-functions\\lib\\index.js"} {"metadata":{"emulator":{"name":"functions"},"function":{"name":"api"},"message":"[runtime-status] [84900] Resolved module firebase-functions {\"declared\":true,\"installed\":true,\"version\":\"3.12.0\",\"resolution\":\"C:\\\\Users\\\\sidon\\\\amazon-clone\\\\amazon-clone\\\\functions\\\\node_modules\\\\firebase-functions\\\\lib\\\\index.js\"}"}}
[debug] [2020-12-03T21:49:18.262Z] [runtime-status] [84900] Resolved module firebase-functions {"declared":true,"installed":true,"version":"3.12.0","resolution":"C:\\Users\\sidon\\amazon-clone\\amazon-clone\\functions\\node_modules\\firebase-functions\\lib\\index.js"} {"metadata":{"emulator":{"name":"functions"},"function":{"name":"api"},"message":"[runtime-status] [84900] Resolved module firebase-functions {\"declared\":true,\"installed\":true,\"version\":\"3.12.0\",\"resolution\":\"C:\\\\Users\\\\sidon\\\\amazon-clone\\\\amazon-clone\\\\functions\\\\node_modules\\\\firebase-functions\\\\lib\\\\index.js\"}"}}
[debug] [2020-12-03T21:49:18.264Z] [runtime-status] [84900] Outgoing network have been stubbed. [{"name":"http","status":"mocked"},{"name":"http","status":"mocked"},{"name":"https","status":"mocked"},{"name":"https","status":"mocked"},{"name":"net","status":"mocked"}] {"metadata":{"emulator":{"name":"functions"},"function":{"name":"api"},"message":"[runtime-status] [84900] Outgoing network have been stubbed. [{\"name\":\"http\",\"status\":\"mocked\"},{\"name\":\"http\",\"status\":\"mocked\"},{\"name\":\"https\",\"status\":\"mocked\"},{\"name\":\"https\",\"status\":\"mocked\"},{\"name\":\"net\",\"status\":\"mocked\"}]"}}
[debug] [2020-12-03T21:49:18.265Z] [runtime-status] [84900] Resolved module firebase-functions {"declared":true,"installed":true,"version":"3.12.0","resolution":"C:\\Users\\sidon\\amazon-clone\\amazon-clone\\functions\\node_modules\\firebase-functions\\lib\\index.js"} {"metadata":{"emulator":{"name":"functions"},"function":{"name":"api"},"message":"[runtime-status] [84900] Resolved module firebase-functions {\"declared\":true,\"installed\":true,\"version\":\"3.12.0\",\"resolution\":\"C:\\\\Users\\\\sidon\\\\amazon-clone\\\\amazon-clone\\\\functions\\\\node_modules\\\\firebase-functions\\\\lib\\\\index.js\"}"}}
[debug] [2020-12-03T21:49:18.319Z] [runtime-status] [84900] Checked functions.config() {"config":{}} {"metadata":{"emulator":{"name":"functions"},"function":{"name":"api"},"message":"[runtime-status] [84900] Checked functions.config() {\"config\":{}}"}}
[debug] [2020-12-03T21:49:18.319Z] [runtime-status] [84900] firebase-functions has been stubbed. {"functionsResolution":{"declared":true,"installed":true,"version":"3.12.0","resolution":"C:\\Users\\sidon\\amazon-clone\\amazon-clone\\functions\\node_modules\\firebase-functions\\lib\\index.js"}} {"metadata":{"emulator":{"name":"functions"},"function":{"name":"api"},"message":"[runtime-status] [84900] firebase-functions has been stubbed. {\"functionsResolution\":{\"declared\":true,\"installed\":true,\"version\":\"3.12.0\",\"resolution\":\"C:\\\\Users\\\\sidon\\\\amazon-clone\\\\amazon-clone\\\\functions\\\\node_modules\\\\firebase-functions\\\\lib\\\\index.js\"}}"}}
[debug] [2020-12-03T21:49:18.321Z] [runtime-status] [84900] Resolved module firebase-functions {"declared":true,"installed":true,"version":"3.12.0","resolution":"C:\\Users\\sidon\\amazon-clone\\amazon-clone\\functions\\node_modules\\firebase-functions\\lib\\index.js"} {"metadata":{"emulator":{"name":"functions"},"function":{"name":"api"},"message":"[runtime-status] [84900] Resolved module firebase-functions {\"declared\":true,\"installed\":true,\"version\":\"3.12.0\",\"resolution\":\"C:\\\\Users\\\\sidon\\\\amazon-clone\\\\amazon-clone\\\\functions\\\\node_modules\\\\firebase-functions\\\\lib\\\\index.js\"}"}}
[debug] [2020-12-03T21:49:18.324Z] [runtime-status] [84900] Resolved module firebase-admin {"declared":true,"installed":true,"version":"9.4.1","resolution":"C:\\Users\\sidon\\amazon-clone\\amazon-clone\\functions\\node_modules\\firebase-admin\\lib\\index.js"} {"metadata":{"emulator":{"name":"functions"},"function":{"name":"api"},"message":"[runtime-status] [84900] Resolved module firebase-admin {\"declared\":true,\"installed\":true,\"version\":\"9.4.1\",\"resolution\":\"C:\\\\Users\\\\sidon\\\\amazon-clone\\\\amazon-clone\\\\functions\\\\node_modules\\\\firebase-admin\\\\lib\\\\index.js\"}"}}
[debug] [2020-12-03T21:49:18.324Z] [runtime-status] [84900] Resolved module firebase-functions {"declared":true,"installed":true,"version":"3.12.0","resolution":"C:\\Users\\sidon\\amazon-clone\\amazon-clone\\functions\\node_modules\\firebase-functions\\lib\\index.js"} {"metadata":{"emulator":{"name":"functions"},"function":{"name":"api"},"message":"[runtime-status] [84900] Resolved module firebase-functions {\"declared\":true,\"installed\":true,\"version\":\"3.12.0\",\"resolution\":\"C:\\\\Users\\\\sidon\\\\amazon-clone\\\\amazon-clone\\\\functions\\\\node_modules\\\\firebase-functions\\\\lib\\\\index.js\"}"}}
[debug] [2020-12-03T21:49:18.325Z] [runtime-status] [84900] firebase-admin has been stubbed. {"adminResolution":{"declared":true,"installed":true,"version":"9.4.1","resolution":"C:\\Users\\sidon\\amazon-clone\\amazon-clone\\functions\\node_modules\\firebase-admin\\lib\\index.js"}} {"metadata":{"emulator":{"name":"functions"},"function":{"name":"api"},"message":"[runtime-status] [84900] firebase-admin has been stubbed. {\"adminResolution\":{\"declared\":true,\"installed\":true,\"version\":\"9.4.1\",\"resolution\":\"C:\\\\Users\\\\sidon\\\\amazon-clone\\\\amazon-clone\\\\functions\\\\node_modules\\\\firebase-admin\\\\lib\\\\index.js\"}}"}}
[debug] [2020-12-03T21:49:18.531Z] [runtime-status] [84900] Trigger "api" has been found, beginning invocation! {"metadata":{"emulator":{"name":"functions"},"function":{"name":"api"},"message":"[runtime-status] [84900] Trigger \"api\" has been found, beginning invocation!"}}
[info] i  functions: Beginning execution of "api" {"metadata":{"emulator":{"name":"functions"},"function":{"name":"api"},"message":"Beginning execution of \"api\""}}
[debug] [2020-12-03T21:49:18.533Z] [runtime-status] [84900] triggerDefinition {"httpsTrigger":{},"name":"api","entryPoint":"api"} {"metadata":{"emulator":{"name":"functions"},"function":{"name":"api"},"message":"[runtime-status] [84900] triggerDefinition {\"httpsTrigger\":{},\"name\":\"api\",\"entryPoint\":\"api\"}"}}
[debug] [2020-12-03T21:49:18.533Z] [runtime-status] [84900] Running api in mode HTTPS {"metadata":{"emulator":{"name":"functions"},"function":{"name":"api"},"message":"[runtime-status] [84900] Running api in mode HTTPS"}}
[debug] [2020-12-03T21:49:18.538Z] [runtime-status] [84900] Attempting to listen to socketPath: \\?\pipe\C:\Users\sidon\amazon-clone\amazon-clone\functions\84900 {"metadata":{"emulator":{"name":"functions"},"function":{"name":"api"},"message":"[runtime-status] [84900] Attempting to listen to socketPath: \\\\?\\pipe\\C:\\Users\\sidon\\amazon-clone\\amazon-clone\\functions\\84900"}}
[debug] [2020-12-03T21:49:18.541Z] [functions] Runtime ready! Sending request! {"metadata":{"emulator":{"name":"functions"},"message":"[functions] Runtime ready! Sending request!"}}
[debug] [2020-12-03T21:49:18.552Z] [runtime-status] [84900] Ephemeral server handling POST request {"metadata":{"emulator":{"name":"functions"},"function":{"name":"api"},"message":"[runtime-status] [84900] Ephemeral server handling POST request"}}
[info] >  Payment request received >>>> 59899 {"user":"Payment request received >>>> 59899","metadata":{"emulator":{"name":"functions"},"function":{"name":"api"},"message":"\u001b[90m> \u001b[39m Payment request received >>>> 59899"}}
[debug] [2020-12-03T21:49:18.571Z] [runtime-status] [84900] Ephemeral server survived. {"metadata":{"emulator":{"name":"functions"},"function":{"name":"api"},"message":"[runtime-status] [84900] Ephemeral server survived."}}
[info] i  functions: Finished "api" in ~1s {"metadata":{"emulator":{"name":"functions"},"function":{"name":"api"},"message":"Finished \"api\" in ~1s"}}
[debug] [2020-12-03T21:49:20.169Z] [worker-api-ade907b2-c2e4-4d6a-9de8-3d69382ecf05]: IDLE {"metadata":{"emulator":{"name":"functions"},"message":"[worker-api-ade907b2-c2e4-4d6a-9de8-3d69382ecf05]: IDLE"}}
[debug] [2020-12-03T21:49:20.169Z] [work-queue] {"queueLength":0,"workRunningCount":0}
[debug] [2020-12-03T21:49:28.129Z] File C:\Users\sidon\amazon-clone\amazon-clone\functions\index.js changed, reloading triggers {"metadata":{"emulator":{"name":"functions"},"message":"File C:\\Users\\sidon\\amazon-clone\\amazon-clone\\functions\\index.js changed, reloading triggers"}}
[debug] [2020-12-03T21:49:29.137Z] [worker-pool] Shutting down IDLE worker (~diagnostic~) {"metadata":{"emulator":{"name":"functions"},"message":"[worker-pool] Shutting down IDLE worker (~diagnostic~)"}}
[debug] [2020-12-03T21:49:29.138Z] [worker-~diagnostic~-50583ca7-2dc1-4032-aa2e-3e7ca2ced2a1]: FINISHING {"metadata":{"emulator":{"name":"functions"},"message":"[worker-~diagnostic~-50583ca7-2dc1-4032-aa2e-3e7ca2ced2a1]: FINISHING"}}
[debug] [2020-12-03T21:49:29.139Z] [worker-pool] Shutting down IDLE worker (api) {"metadata":{"emulator":{"name":"functions"},"message":"[worker-pool] Shutting down IDLE worker (api)"}}
[debug] [2020-12-03T21:49:29.140Z] [worker-api-ade907b2-c2e4-4d6a-9de8-3d69382ecf05]: FINISHING {"metadata":{"emulator":{"name":"functions"},"message":"[worker-api-ade907b2-c2e4-4d6a-9de8-3d69382ecf05]: FINISHING"}}
[debug] [2020-12-03T21:49:29.158Z] [worker-pool] addWorker(~diagnostic~) {"metadata":{"emulator":{"name":"functions"},"message":"[worker-pool] addWorker(~diagnostic~)"}}
[debug] [2020-12-03T21:49:29.159Z] [worker-pool] Adding worker with key ~diagnostic~, total=2 {"metadata":{"emulator":{"name":"functions"},"message":"[worker-pool] Adding worker with key ~diagnostic~, total=2"}}
[debug] [2020-12-03T21:49:29.160Z] [worker-pool] submitWork(triggerId=) {"metadata":{"emulator":{"name":"functions"},"message":"[worker-pool] submitWork(triggerId=)"}}
[debug] [2020-12-03T21:49:29.160Z] [worker-~diagnostic~-e8c68e42-2f5b-45f1-991a-f63223614dc8]: Assigning socketPath: \\?\pipe\C:\Users\sidon\amazon-clone\amazon-clone\functions\51752 {"metadata":{"emulator":{"name":"functions"},"message":"[worker-~diagnostic~-e8c68e42-2f5b-45f1-991a-f63223614dc8]: Assigning socketPath: \\\\?\\pipe\\C:\\Users\\sidon\\amazon-clone\\amazon-clone\\functions\\51752"}}
[debug] [2020-12-03T21:49:29.161Z] [worker-~diagnostic~-e8c68e42-2f5b-45f1-991a-f63223614dc8]: BUSY {"metadata":{"emulator":{"name":"functions"},"message":"[worker-~diagnostic~-e8c68e42-2f5b-45f1-991a-f63223614dc8]: BUSY"}}
[debug] [2020-12-03T21:49:29.166Z] [worker-~diagnostic~-50583ca7-2dc1-4032-aa2e-3e7ca2ced2a1]: exited {"metadata":{"emulator":{"name":"functions"},"message":"[worker-~diagnostic~-50583ca7-2dc1-4032-aa2e-3e7ca2ced2a1]: exited"}}
[debug] [2020-12-03T21:49:29.167Z] [worker-~diagnostic~-50583ca7-2dc1-4032-aa2e-3e7ca2ced2a1]: FINISHED {"metadata":{"emulator":{"name":"functions"},"message":"[worker-~diagnostic~-50583ca7-2dc1-4032-aa2e-3e7ca2ced2a1]: FINISHED"}}
[debug] [2020-12-03T21:49:29.169Z] [worker-api-ade907b2-c2e4-4d6a-9de8-3d69382ecf05]: exited {"metadata":{"emulator":{"name":"functions"},"message":"[worker-api-ade907b2-c2e4-4d6a-9de8-3d69382ecf05]: exited"}}
[debug] [2020-12-03T21:49:29.170Z] [worker-api-ade907b2-c2e4-4d6a-9de8-3d69382ecf05]: FINISHED {"metadata":{"emulator":{"name":"functions"},"message":"[worker-api-ade907b2-c2e4-4d6a-9de8-3d69382ecf05]: FINISHED"}}
[debug] [2020-12-03T21:49:29.908Z] [runtime-status] [51752] Functions runtime initialized. {"cwd":"C:\\Users\\sidon\\amazon-clone\\amazon-clone\\functions","node_version":"12.16.1"} {"metadata":{"emulator":{"name":"functions"},"message":"[runtime-status] [51752] Functions runtime initialized. {\"cwd\":\"C:\\\\Users\\\\sidon\\\\amazon-clone\\\\amazon-clone\\\\functions\",\"node_version\":\"12.16.1\"}"}}
[debug] [2020-12-03T21:49:29.915Z] [runtime-status] [51752] Disabled runtime features: undefined {"metadata":{"emulator":{"name":"functions"},"message":"[runtime-status] [51752] Disabled runtime features: undefined"}}
[debug] [2020-12-03T21:49:29.920Z] [runtime-status] [51752] Resolved module firebase-admin {"declared":true,"installed":true,"version":"9.4.1","resolution":"C:\\Users\\sidon\\amazon-clone\\amazon-clone\\functions\\node_modules\\firebase-admin\\lib\\index.js"} {"metadata":{"emulator":{"name":"functions"},"message":"[runtime-status] [51752] Resolved module firebase-admin {\"declared\":true,\"installed\":true,\"version\":\"9.4.1\",\"resolution\":\"C:\\\\Users\\\\sidon\\\\amazon-clone\\\\amazon-clone\\\\functions\\\\node_modules\\\\firebase-admin\\\\lib\\\\index.js\"}"}}
[debug] [2020-12-03T21:49:29.925Z] [runtime-status] [51752] Resolved module firebase-functions {"declared":true,"installed":true,"version":"3.12.0","resolution":"C:\\Users\\sidon\\amazon-clone\\amazon-clone\\functions\\node_modules\\firebase-functions\\lib\\index.js"} {"metadata":{"emulator":{"name":"functions"},"message":"[runtime-status] [51752] Resolved module firebase-functions {\"declared\":true,\"installed\":true,\"version\":\"3.12.0\",\"resolution\":\"C:\\\\Users\\\\sidon\\\\amazon-clone\\\\amazon-clone\\\\functions\\\\node_modules\\\\firebase-functions\\\\lib\\\\index.js\"}"}}
[debug] [2020-12-03T21:49:29.926Z] [runtime-status] [51752] Resolved module firebase-functions {"declared":true,"installed":true,"version":"3.12.0","resolution":"C:\\Users\\sidon\\amazon-clone\\amazon-clone\\functions\\node_modules\\firebase-functions\\lib\\index.js"} {"metadata":{"emulator":{"name":"functions"},"message":"[runtime-status] [51752] Resolved module firebase-functions {\"declared\":true,\"installed\":true,\"version\":\"3.12.0\",\"resolution\":\"C:\\\\Users\\\\sidon\\\\amazon-clone\\\\amazon-clone\\\\functions\\\\node_modules\\\\firebase-functions\\\\lib\\\\index.js\"}"}}
[debug] [2020-12-03T21:49:29.928Z] [runtime-status] [51752] Outgoing network have been stubbed. [{"name":"http","status":"mocked"},{"name":"http","status":"mocked"},{"name":"https","status":"mocked"},{"name":"https","status":"mocked"},{"name":"net","status":"mocked"}] {"metadata":{"emulator":{"name":"functions"},"message":"[runtime-status] [51752] Outgoing network have been stubbed. [{\"name\":\"http\",\"status\":\"mocked\"},{\"name\":\"http\",\"status\":\"mocked\"},{\"name\":\"https\",\"status\":\"mocked\"},{\"name\":\"https\",\"status\":\"mocked\"},{\"name\":\"net\",\"status\":\"mocked\"}]"}}
[debug] [2020-12-03T21:49:29.929Z] [runtime-status] [51752] Resolved module firebase-functions {"declared":true,"installed":true,"version":"3.12.0","resolution":"C:\\Users\\sidon\\amazon-clone\\amazon-clone\\functions\\node_modules\\firebase-functions\\lib\\index.js"} {"metadata":{"emulator":{"name":"functions"},"message":"[runtime-status] [51752] Resolved module firebase-functions {\"declared\":true,\"installed\":true,\"version\":\"3.12.0\",\"resolution\":\"C:\\\\Users\\\\sidon\\\\amazon-clone\\\\amazon-clone\\\\functions\\\\node_modules\\\\firebase-functions\\\\lib\\\\index.js\"}"}}
[debug] [2020-12-03T21:49:29.979Z] [runtime-status] [51752] Checked functions.config() {"config":{}} {"metadata":{"emulator":{"name":"functions"},"message":"[runtime-status] [51752] Checked functions.config() {\"config\":{}}"}}
[debug] [2020-12-03T21:49:29.980Z] [runtime-status] [51752] firebase-functions has been stubbed. {"functionsResolution":{"declared":true,"installed":true,"version":"3.12.0","resolution":"C:\\Users\\sidon\\amazon-clone\\amazon-clone\\functions\\node_modules\\firebase-functions\\lib\\index.js"}} {"metadata":{"emulator":{"name":"functions"},"message":"[runtime-status] [51752] firebase-functions has been stubbed. {\"functionsResolution\":{\"declared\":true,\"installed\":true,\"version\":\"3.12.0\",\"resolution\":\"C:\\\\Users\\\\sidon\\\\amazon-clone\\\\amazon-clone\\\\functions\\\\node_modules\\\\firebase-functions\\\\lib\\\\index.js\"}}"}}
[debug] [2020-12-03T21:49:29.980Z] [runtime-status] [51752] Resolved module firebase-functions {"declared":true,"installed":true,"version":"3.12.0","resolution":"C:\\Users\\sidon\\amazon-clone\\amazon-clone\\functions\\node_modules\\firebase-functions\\lib\\index.js"} {"metadata":{"emulator":{"name":"functions"},"message":"[runtime-status] [51752] Resolved module firebase-functions {\"declared\":true,\"installed\":true,\"version\":\"3.12.0\",\"resolution\":\"C:\\\\Users\\\\sidon\\\\amazon-clone\\\\amazon-clone\\\\functions\\\\node_modules\\\\firebase-functions\\\\lib\\\\index.js\"}"}}
[debug] [2020-12-03T21:49:29.981Z] [runtime-status] [51752] Resolved module firebase-admin {"declared":true,"installed":true,"version":"9.4.1","resolution":"C:\\Users\\sidon\\amazon-clone\\amazon-clone\\functions\\node_modules\\firebase-admin\\lib\\index.js"} {"metadata":{"emulator":{"name":"functions"},"message":"[runtime-status] [51752] Resolved module firebase-admin {\"declared\":true,\"installed\":true,\"version\":\"9.4.1\",\"resolution\":\"C:\\\\Users\\\\sidon\\\\amazon-clone\\\\amazon-clone\\\\functions\\\\node_modules\\\\firebase-admin\\\\lib\\\\index.js\"}"}}
[debug] [2020-12-03T21:49:29.982Z] [runtime-status] [51752] Resolved module firebase-functions {"declared":true,"installed":true,"version":"3.12.0","resolution":"C:\\Users\\sidon\\amazon-clone\\amazon-clone\\functions\\node_modules\\firebase-functions\\lib\\index.js"} {"metadata":{"emulator":{"name":"functions"},"message":"[runtime-status] [51752] Resolved module firebase-functions {\"declared\":true,\"installed\":true,\"version\":\"3.12.0\",\"resolution\":\"C:\\\\Users\\\\sidon\\\\amazon-clone\\\\amazon-clone\\\\functions\\\\node_modules\\\\firebase-functions\\\\lib\\\\index.js\"}"}}
[debug] [2020-12-03T21:49:29.982Z] [runtime-status] [51752] firebase-admin has been stubbed. {"adminResolution":{"declared":true,"installed":true,"version":"9.4.1","resolution":"C:\\Users\\sidon\\amazon-clone\\amazon-clone\\functions\\node_modules\\firebase-admin\\lib\\index.js"}} {"metadata":{"emulator":{"name":"functions"},"message":"[runtime-status] [51752] firebase-admin has been stubbed. {\"adminResolution\":{\"declared\":true,\"installed\":true,\"version\":\"9.4.1\",\"resolution\":\"C:\\\\Users\\\\sidon\\\\amazon-clone\\\\amazon-clone\\\\functions\\\\node_modules\\\\firebase-admin\\\\lib\\\\index.js\"}}"}}
[debug] [2020-12-03T21:49:30.214Z] [worker-~diagnostic~-e8c68e42-2f5b-45f1-991a-f63223614dc8]: IDLE {"metadata":{"emulator":{"name":"functions"},"message":"[worker-~diagnostic~-e8c68e42-2f5b-45f1-991a-f63223614dc8]: IDLE"}}
[debug] [2020-12-03T21:49:30.512Z] File C:\Users\sidon\amazon-clone\amazon-clone\functions\index.js changed, reloading triggers {"metadata":{"emulator":{"name":"functions"},"message":"File C:\\Users\\sidon\\amazon-clone\\amazon-clone\\functions\\index.js changed, reloading triggers"}}
[debug] [2020-12-03T21:49:31.525Z] [worker-pool] Shutting down IDLE worker (~diagnostic~) {"metadata":{"emulator":{"name":"functions"},"message":"[worker-pool] Shutting down IDLE worker (~diagnostic~)"}}
[debug] [2020-12-03T21:49:31.525Z] [worker-~diagnostic~-e8c68e42-2f5b-45f1-991a-f63223614dc8]: FINISHING {"metadata":{"emulator":{"name":"functions"},"message":"[worker-~diagnostic~-e8c68e42-2f5b-45f1-991a-f63223614dc8]: FINISHING"}}
[debug] [2020-12-03T21:49:31.526Z] [worker-pool] Cleaned up workers for ~diagnostic~: 2 --> 1 {"metadata":{"emulator":{"name":"functions"},"message":"[worker-pool] Cleaned up workers for ~diagnostic~: 2 --> 1"}}
[debug] [2020-12-03T21:49:31.527Z] [worker-pool] Cleaned up workers for api: 1 --> 0 {"metadata":{"emulator":{"name":"functions"},"message":"[worker-pool] Cleaned up workers for api: 1 --> 0"}}
[debug] [2020-12-03T21:49:31.541Z] [worker-pool] addWorker(~diagnostic~) {"metadata":{"emulator":{"name":"functions"},"message":"[worker-pool] addWorker(~diagnostic~)"}}
[debug] [2020-12-03T21:49:31.542Z] [worker-pool] Adding worker with key ~diagnostic~, total=2 {"metadata":{"emulator":{"name":"functions"},"message":"[worker-pool] Adding worker with key ~diagnostic~, total=2"}}
[debug] [2020-12-03T21:49:31.543Z] [worker-pool] submitWork(triggerId=) {"metadata":{"emulator":{"name":"functions"},"message":"[worker-pool] submitWork(triggerId=)"}}
[debug] [2020-12-03T21:49:31.543Z] [worker-~diagnostic~-ea4fd397-c02e-4853-a92c-66af0bb84fbf]: Assigning socketPath: \\?\pipe\C:\Users\sidon\amazon-clone\amazon-clone\functions\22868 {"metadata":{"emulator":{"name":"functions"},"message":"[worker-~diagnostic~-ea4fd397-c02e-4853-a92c-66af0bb84fbf]: Assigning socketPath: \\\\?\\pipe\\C:\\Users\\sidon\\amazon-clone\\amazon-clone\\functions\\22868"}}
[debug] [2020-12-03T21:49:31.544Z] [worker-~diagnostic~-ea4fd397-c02e-4853-a92c-66af0bb84fbf]: BUSY {"metadata":{"emulator":{"name":"functions"},"message":"[worker-~diagnostic~-ea4fd397-c02e-4853-a92c-66af0bb84fbf]: BUSY"}}
[debug] [2020-12-03T21:49:31.555Z] [worker-~diagnostic~-e8c68e42-2f5b-45f1-991a-f63223614dc8]: exited {"metadata":{"emulator":{"name":"functions"},"message":"[worker-~diagnostic~-e8c68e42-2f5b-45f1-991a-f63223614dc8]: exited"}}
[debug] [2020-12-03T21:49:31.562Z] [worker-~diagnostic~-e8c68e42-2f5b-45f1-991a-f63223614dc8]: FINISHED {"metadata":{"emulator":{"name":"functions"},"message":"[worker-~diagnostic~-e8c68e42-2f5b-45f1-991a-f63223614dc8]: FINISHED"}}
[debug] [2020-12-03T21:49:32.777Z] [runtime-status] [22868] Functions runtime initialized. {"cwd":"C:\\Users\\sidon\\amazon-clone\\amazon-clone\\functions","node_version":"12.16.1"} {"metadata":{"emulator":{"name":"functions"},"message":"[runtime-status] [22868] Functions runtime initialized. {\"cwd\":\"C:\\\\Users\\\\sidon\\\\amazon-clone\\\\amazon-clone\\\\functions\",\"node_version\":\"12.16.1\"}"}}
[debug] [2020-12-03T21:49:32.782Z] [runtime-status] [22868] Disabled runtime features: undefined {"metadata":{"emulator":{"name":"functions"},"message":"[runtime-status] [22868] Disabled runtime features: undefined"}}
[debug] [2020-12-03T21:49:32.796Z] [runtime-status] [22868] Resolved module firebase-admin {"declared":true,"installed":true,"version":"9.4.1","resolution":"C:\\Users\\sidon\\amazon-clone\\amazon-clone\\functions\\node_modules\\firebase-admin\\lib\\index.js"} {"metadata":{"emulator":{"name":"functions"},"message":"[runtime-status] [22868] Resolved module firebase-admin {\"declared\":true,\"installed\":true,\"version\":\"9.4.1\",\"resolution\":\"C:\\\\Users\\\\sidon\\\\amazon-clone\\\\amazon-clone\\\\functions\\\\node_modules\\\\firebase-admin\\\\lib\\\\index.js\"}"}}
[debug] [2020-12-03T21:49:32.798Z] [runtime-status] [22868] Resolved module firebase-functions {"declared":true,"installed":true,"version":"3.12.0","resolution":"C:\\Users\\sidon\\amazon-clone\\amazon-clone\\functions\\node_modules\\firebase-functions\\lib\\index.js"} {"metadata":{"emulator":{"name":"functions"},"message":"[runtime-status] [22868] Resolved module firebase-functions {\"declared\":true,\"installed\":true,\"version\":\"3.12.0\",\"resolution\":\"C:\\\\Users\\\\sidon\\\\amazon-clone\\\\amazon-clone\\\\functions\\\\node_modules\\\\firebase-functions\\\\lib\\\\index.js\"}"}}
[debug] [2020-12-03T21:49:32.800Z] [runtime-status] [22868] Resolved module firebase-functions {"declared":true,"installed":true,"version":"3.12.0","resolution":"C:\\Users\\sidon\\amazon-clone\\amazon-clone\\functions\\node_modules\\firebase-functions\\lib\\index.js"} {"metadata":{"emulator":{"name":"functions"},"message":"[runtime-status] [22868] Resolved module firebase-functions {\"declared\":true,\"installed\":true,\"version\":\"3.12.0\",\"resolution\":\"C:\\\\Users\\\\sidon\\\\amazon-clone\\\\amazon-clone\\\\functions\\\\node_modules\\\\firebase-functions\\\\lib\\\\index.js\"}"}}
[debug] [2020-12-03T21:49:32.806Z] [runtime-status] [22868] Outgoing network have been stubbed. [{"name":"http","status":"mocked"},{"name":"http","status":"mocked"},{"name":"https","status":"mocked"},{"name":"https","status":"mocked"},{"name":"net","status":"mocked"}] {"metadata":{"emulator":{"name":"functions"},"message":"[runtime-status] [22868] Outgoing network have been stubbed. [{\"name\":\"http\",\"status\":\"mocked\"},{\"name\":\"http\",\"status\":\"mocked\"},{\"name\":\"https\",\"status\":\"mocked\"},{\"name\":\"https\",\"status\":\"mocked\"},{\"name\":\"net\",\"status\":\"mocked\"}]"}}
[debug] [2020-12-03T21:49:32.808Z] [runtime-status] [22868] Resolved module firebase-functions {"declared":true,"installed":true,"version":"3.12.0","resolution":"C:\\Users\\sidon\\amazon-clone\\amazon-clone\\functions\\node_modules\\firebase-functions\\lib\\index.js"} {"metadata":{"emulator":{"name":"functions"},"message":"[runtime-status] [22868] Resolved module firebase-functions {\"declared\":true,\"installed\":true,\"version\":\"3.12.0\",\"resolution\":\"C:\\\\Users\\\\sidon\\\\amazon-clone\\\\amazon-clone\\\\functions\\\\node_modules\\\\firebase-functions\\\\lib\\\\index.js\"}"}}
[debug] [2020-12-03T21:49:32.894Z] [runtime-status] [22868] Checked functions.config() {"config":{}} {"metadata":{"emulator":{"name":"functions"},"message":"[runtime-status] [22868] Checked functions.config() {\"config\":{}}"}}
[debug] [2020-12-03T21:49:32.895Z] [runtime-status] [22868] firebase-functions has been stubbed. {"functionsResolution":{"declared":true,"installed":true,"version":"3.12.0","resolution":"C:\\Users\\sidon\\amazon-clone\\amazon-clone\\functions\\node_modules\\firebase-functions\\lib\\index.js"}} {"metadata":{"emulator":{"name":"functions"},"message":"[runtime-status] [22868] firebase-functions has been stubbed. {\"functionsResolution\":{\"declared\":true,\"installed\":true,\"version\":\"3.12.0\",\"resolution\":\"C:\\\\Users\\\\sidon\\\\amazon-clone\\\\amazon-clone\\\\functions\\\\node_modules\\\\firebase-functions\\\\lib\\\\index.js\"}}"}}
[debug] [2020-12-03T21:49:32.896Z] [runtime-status] [22868] Resolved module firebase-functions {"declared":true,"installed":true,"version":"3.12.0","resolution":"C:\\Users\\sidon\\amazon-clone\\amazon-clone\\functions\\node_modules\\firebase-functions\\lib\\index.js"} {"metadata":{"emulator":{"name":"functions"},"message":"[runtime-status] [22868] Resolved module firebase-functions {\"declared\":true,\"installed\":true,\"version\":\"3.12.0\",\"resolution\":\"C:\\\\Users\\\\sidon\\\\amazon-clone\\\\amazon-clone\\\\functions\\\\node_modules\\\\firebase-functions\\\\lib\\\\index.js\"}"}}
[debug] [2020-12-03T21:49:32.899Z] [runtime-status] [22868] Resolved module firebase-admin {"declared":true,"installed":true,"version":"9.4.1","resolution":"C:\\Users\\sidon\\amazon-clone\\amazon-clone\\functions\\node_modules\\firebase-admin\\lib\\index.js"} {"metadata":{"emulator":{"name":"functions"},"message":"[runtime-status] [22868] Resolved module firebase-admin {\"declared\":true,\"installed\":true,\"version\":\"9.4.1\",\"resolution\":\"C:\\\\Users\\\\sidon\\\\amazon-clone\\\\amazon-clone\\\\functions\\\\node_modules\\\\firebase-admin\\\\lib\\\\index.js\"}"}}
[debug] [2020-12-03T21:49:32.906Z] [runtime-status] [22868] Resolved module firebase-functions {"declared":true,"installed":true,"version":"3.12.0","resolution":"C:\\Users\\sidon\\amazon-clone\\amazon-clone\\functions\\node_modules\\firebase-functions\\lib\\index.js"} {"metadata":{"emulator":{"name":"functions"},"message":"[runtime-status] [22868] Resolved module firebase-functions {\"declared\":true,\"installed\":true,\"version\":\"3.12.0\",\"resolution\":\"C:\\\\Users\\\\sidon\\\\amazon-clone\\\\amazon-clone\\\\functions\\\\node_modules\\\\firebase-functions\\\\lib\\\\index.js\"}"}}
[debug] [2020-12-03T21:49:32.907Z] [runtime-status] [22868] firebase-admin has been stubbed. {"adminResolution":{"declared":true,"installed":true,"version":"9.4.1","resolution":"C:\\Users\\sidon\\amazon-clone\\amazon-clone\\functions\\node_modules\\firebase-admin\\lib\\index.js"}} {"metadata":{"emulator":{"name":"functions"},"message":"[runtime-status] [22868] firebase-admin has been stubbed. {\"adminResolution\":{\"declared\":true,\"installed\":true,\"version\":\"9.4.1\",\"resolution\":\"C:\\\\Users\\\\sidon\\\\amazon-clone\\\\amazon-clone\\\\functions\\\\node_modules\\\\firebase-admin\\\\lib\\\\index.js\"}}"}}
[debug] [2020-12-03T21:49:33.223Z] [worker-~diagnostic~-ea4fd397-c02e-4853-a92c-66af0bb84fbf]: IDLE {"metadata":{"emulator":{"name":"functions"},"message":"[worker-~diagnostic~-ea4fd397-c02e-4853-a92c-66af0bb84fbf]: IDLE"}}
